<?xml version="1.0" encoding="UTF-8"?>
<trace:TraceModel xmi:version="2.0"
    xmlns:xmi="http://www.omg.org/XMI"
    xmlns:trace="http://www.eclipse.org/gmf/2006/Trace">
  <nodeTraces
      visualID="1001"
      queryText="(let _eClass_:ecore::EClass = modelFacet.metaClass.ecoreClass in _eClass_.ePackage.nsURI = 'http://www.cwi.nl/ea/automata' and _eClass_.name = 'Automaton') and (let _containmentMF_:ecore::EStructuralFeature = modelFacet.containmentMetaFeature.ecoreFeature in (let _eClass_:ecore::EClass = _containmentMF_.eContainingClass in _eClass_.ePackage.nsURI = 'http://www.cwi.nl/ea/automata' and _eClass_.name = 'Module') and _containmentMF_.name = 'automata')">
    <nodeLabelTraces
        visualID="4003"
        queryText="true"/>
    <nodeLabelTraces
        visualID="4004"
        queryText="true"/>
    <compartmentTraces
        visualID="5001"
        queryText="true"/>
  </nodeTraces>
  <childNodeTraces
      visualID="2001"
      queryText="(let _eClass_:ecore::EClass = modelFacet.metaClass.ecoreClass in _eClass_.ePackage.nsURI = 'http://www.cwi.nl/ea/automata' and _eClass_.name = 'State') and (let _containmentMF_:ecore::EStructuralFeature = modelFacet.containmentMetaFeature.ecoreFeature in (let _eClass_:ecore::EClass = _containmentMF_.eContainingClass in _eClass_.ePackage.nsURI = 'http://www.cwi.nl/ea/automata' and _eClass_.name = 'Automaton') and _containmentMF_.name = 'states')">
    <nodeLabelTraces
        visualID="4001"
        queryText="true"/>
    <nodeLabelTraces
        visualID="4002"
        queryText="true"/>
  </childNodeTraces>
  <linkTraces
      visualID="3001"
      queryText="modelFacet.oclIsKindOf(gmfgen::TypeLinkModelFacet) and (let _eClass_:ecore::EClass = modelFacet.oclAsType(gmfgen::TypeLinkModelFacet).metaClass.ecoreClass in _eClass_.ePackage.nsURI = 'http://www.cwi.nl/ea/automata' and _eClass_.name = 'Transition')">
    <linkLabelTraces
        visualID="4005"
        queryText="true"/>
  </linkTraces>
</trace:TraceModel>
